Using pre-set license
Built from '2020.3/staging' branch; Version is '2020.3.30f1 (1fb1bf06830e) revision 2077119'; Using compiler version '192528614'; Build Type 'Release'
OS: 'Windows 10  (10.0.19043) 64bit Core' Language: 'ko' Physical Memory: 7563 MB
BatchMode: 1, IsHumanControllingUs: 0, StartBugReporterOnCrash: 0, Is64bit: 1, IsPro: 0

COMMAND LINE ARGUMENTS:
C:\Program Files\Unity\Hub\Editor\2020.3.30f1\Editor\Unity.exe
-adb2
-batchMode
-noUpm
-name
AssetImportWorker0
-projectPath
C:/Users/user/Desktop/github/GMTM/GMTM_1028
-logFile
Logs/AssetImportWorker0.log
-srvPort
60349
Successfully changed project path to: C:/Users/user/Desktop/github/GMTM/GMTM_1028
C:/Users/user/Desktop/github/GMTM/GMTM_1028
Using Asset Import Pipeline V2.
Refreshing native plugins compatible for Editor in 65.74 ms, found 5 plugins.
Preloading 0 native plugins for Editor in 0.00 ms.
Initialize engine version: 2020.3.30f1 (1fb1bf06830e)
[Subsystems] Discovering subsystems at path C:/Program Files/Unity/Hub/Editor/2020.3.30f1/Editor/Data/Resources/UnitySubsystems
[Subsystems] Discovering subsystems at path C:/Users/user/Desktop/github/GMTM/GMTM_1028/Assets
GfxDevice: creating device client; threaded=0
Direct3D:
    Version:  Direct3D 11.0 [level 11.1]
    Renderer: AMD Radeon(TM) Graphics (ID=0x164c)
    Vendor:   
    VRAM:     3781 MB
    Driver:   30.0.13044.10001
Initialize mono
Mono path[0] = 'C:/Program Files/Unity/Hub/Editor/2020.3.30f1/Editor/Data/Managed'
Mono path[1] = 'C:/Program Files/Unity/Hub/Editor/2020.3.30f1/Editor/Data/MonoBleedingEdge/lib/mono/unityjit'
Mono config path = 'C:/Program Files/Unity/Hub/Editor/2020.3.30f1/Editor/Data/MonoBleedingEdge/etc'
Using monoOptions --debugger-agent=transport=dt_socket,embedding=1,server=y,suspend=n,address=127.0.0.1:56404
Begin MonoManager ReloadAssembly
Registering precompiled unity dll's ...
Register platform support module: C:/Program Files/Unity/Hub/Editor/2020.3.30f1/Editor/Data/PlaybackEngines/WindowsStandaloneSupport/UnityEditor.WindowsStandalone.Extensions.dll
Registered in 0.005416 seconds.
Native extension for WindowsStandalone target not found
Refreshing native plugins compatible for Editor in 44.99 ms, found 5 plugins.
Preloading 0 native plugins for Editor in 0.00 ms.
Mono: successfully reloaded assembly
- Completed reload, in  0.837 seconds
Domain Reload Profiling:
	ReloadAssembly (837ms)
		BeginReloadAssembly (244ms)
			ExecutionOrderSort (0ms)
			DisableScriptedObjects (0ms)
			BackupInstance (0ms)
			ReleaseScriptingObjects (0ms)
			CreateAndSetChildDomain (2ms)
		EndReloadAssembly (510ms)
			LoadAssemblies (223ms)
			RebuildTransferFunctionScriptingTraits (6ms)
			SetupTypeCache (141ms)
			ReleaseScriptCaches (0ms)
			RebuildScriptCaches (30ms)
			SetupLoadedEditorAssemblies (190ms)
				LogAssemblyErrors (0ms)
				InitializePlatformSupportModulesInManaged (5ms)
				SetLoadedEditorAssemblies (0ms)
				RefreshPlugins (45ms)
				BeforeProcessingInitializeOnLoad (18ms)
				ProcessInitializeOnLoadAttributes (86ms)
				ProcessInitializeOnLoadMethodAttributes (35ms)
				AfterProcessingInitializeOnLoad (0ms)
				EditorAssembliesLoaded (0ms)
			ExecutionOrderSort2 (0ms)
			AwakeInstancesAfterBackupRestoration (0ms)
Platform modules already initialized, skipping
Registering precompiled user dll's ...
Registered in 0.010319 seconds.
Begin MonoManager ReloadAssembly
Native extension for WindowsStandalone target not found
Refreshing native plugins compatible for Editor in 0.64 ms, found 5 plugins.
Preloading 0 native plugins for Editor in 0.00 ms.
Mono: successfully reloaded assembly
- Completed reload, in  1.104 seconds
Domain Reload Profiling:
	ReloadAssembly (1105ms)
		BeginReloadAssembly (166ms)
			ExecutionOrderSort (0ms)
			DisableScriptedObjects (4ms)
			BackupInstance (0ms)
			ReleaseScriptingObjects (0ms)
			CreateAndSetChildDomain (20ms)
		EndReloadAssembly (875ms)
			LoadAssemblies (152ms)
			RebuildTransferFunctionScriptingTraits (0ms)
			SetupTypeCache (289ms)
			ReleaseScriptCaches (0ms)
			RebuildScriptCaches (45ms)
			SetupLoadedEditorAssemblies (315ms)
				LogAssemblyErrors (0ms)
				InitializePlatformSupportModulesInManaged (4ms)
				SetLoadedEditorAssemblies (1ms)
				RefreshPlugins (1ms)
				BeforeProcessingInitializeOnLoad (91ms)
				ProcessInitializeOnLoadAttributes (200ms)
				ProcessInitializeOnLoadMethodAttributes (12ms)
				AfterProcessingInitializeOnLoad (7ms)
				EditorAssembliesLoaded (0ms)
			ExecutionOrderSort2 (0ms)
			AwakeInstancesAfterBackupRestoration (6ms)
Platform modules already initialized, skipping
========================================================================
Worker process is ready to serve import requests
Launched and connected shader compiler UnityShaderCompiler.exe after 0.12 seconds
Refreshing native plugins compatible for Editor in 0.58 ms, found 5 plugins.
Preloading 0 native plugins for Editor in 0.00 ms.
Unloading 1857 Unused Serialized files (Serialized files now loaded: 0)
System memory in use before: 83.6 MB.
System memory in use after: 83.7 MB.

Unloading 19 unused Assets to reduce memory usage. Loaded Objects now: 2302.
Total: 4.536000 ms (FindLiveObjects: 0.218600 ms CreateObjectMapping: 0.076100 ms MarkObjects: 4.151200 ms  DeleteObjects: 0.088600 ms)

AssetImportParameters requested are different than current active one (requested -> active):
  custom:framework-win-MediaFoundation: 216162199b28c13a410421893ffa2e32 -> 
  custom:video-decoder-ogg-theora: a1e56fd34408186e4bbccfd4996cb3dc -> 
  custom:container-muxer-webm: aa71ff27fc2769a1b78a27578f13a17b -> 
  custom:container-demuxer-webm: 4f35f7cbe854078d1ac9338744f61a02 -> 
  custom:container-demuxer-ogg: 62fdf1f143b41e24485cea50d1cbac27 -> 
  custom:video-encoder-webm-vp8: eb34c28f22e8b96e1ab97ce403110664 -> 
  custom:video-decoder-webm-vp8: 9c59270c3fd7afecdb556c50c9e8de78 -> 
  custom:audio-decoder-ogg-vorbis: bf7c407c2cedff20999df2af8eb42d56 -> 
  custom:audio-encoder-webm-vorbis: bf7c407c2cedff20999df2af8eb42d56 -> 
========================================================================
Received Import Request.
  path: Assets/BANK
  artifactKey: Guid(7e875613a497e6d40b65dbe6a133c80b) Importer(815301076,1909f56bfc062723c751e8b465ee728b)
Start importing Assets/BANK using Guid(7e875613a497e6d40b65dbe6a133c80b) Importer(815301076,1909f56bfc062723c751e8b465ee728b)  -> (artifact id: '4c9f087b1764c4b5b97c39d45a8e120f') in 0.011433 seconds 
========================================================================
Received Import Request.
  Time since last request: 22.791343 seconds.
  path: Assets/SteamVR
  artifactKey: Guid(7bb9b083d5e80c640a5561a7406772e7) Importer(815301076,1909f56bfc062723c751e8b465ee728b)
Start importing Assets/SteamVR using Guid(7bb9b083d5e80c640a5561a7406772e7) Importer(815301076,1909f56bfc062723c751e8b465ee728b)  -> (artifact id: 'eb2f4c0350ade87aaab3c11debc34fea') in 0.009800 seconds 
========================================================================
Received Import Request.
  Time since last request: 3.728268 seconds.
  path: Assets/Script/EnemyMove.cs
  artifactKey: Guid(5b830bd86d753374bbafb338acfad026) Importer(815301076,1909f56bfc062723c751e8b465ee728b)
Start importing Assets/Script/EnemyMove.cs using Guid(5b830bd86d753374bbafb338acfad026) Importer(815301076,1909f56bfc062723c751e8b465ee728b)  -> (artifact id: 'c5b7a1469eb644161df634b98464fa77') in 0.035276 seconds 
========================================================================
Received Import Request.
  Time since last request: 40.733035 seconds.
  path: Assets
  artifactKey: Guid(00000000000000001000000000000000) Importer(815301076,1909f56bfc062723c751e8b465ee728b)
Start importing Assets using Guid(00000000000000001000000000000000) Importer(815301076,1909f56bfc062723c751e8b465ee728b)  -> (artifact id: '42d402b061de3733987d63b9cc3b64de') in 0.011824 seconds 
========================================================================
Received Import Request.
  Time since last request: 60.898408 seconds.
  path: Assets/Script/EnemyProjectile.cs
  artifactKey: Guid(c5e11571c3f588c4488bed771a6635e1) Importer(815301076,1909f56bfc062723c751e8b465ee728b)
Start importing Assets/Script/EnemyProjectile.cs using Guid(c5e11571c3f588c4488bed771a6635e1) Importer(815301076,1909f56bfc062723c751e8b465ee728b)  -> (artifact id: 'f3213c121d7744cb54fab036602c0d43') in 0.007896 seconds 
========================================================================
Received Import Request.
  Time since last request: 0.031139 seconds.
  path: Assets/LowPolySoldiers_demo/models/Materials
  artifactKey: Guid(e9e6ecf9c1d0da4428ad4b75d884dcfe) Importer(815301076,1909f56bfc062723c751e8b465ee728b)
Start importing Assets/LowPolySoldiers_demo/models/Materials using Guid(e9e6ecf9c1d0da4428ad4b75d884dcfe) Importer(815301076,1909f56bfc062723c751e8b465ee728b)  -> (artifact id: 'b00b8b3add156e01cf8aefc2019a30cc') in 0.007185 seconds 
========================================================================
Received Import Request.
  Time since last request: 0.070182 seconds.
  path: Assets/LowPolySoldiers_demo
  artifactKey: Guid(dcba9b532323bab458f31fb8aa9ea0e8) Importer(815301076,1909f56bfc062723c751e8b465ee728b)
Start importing Assets/LowPolySoldiers_demo using Guid(dcba9b532323bab458f31fb8aa9ea0e8) Importer(815301076,1909f56bfc062723c751e8b465ee728b)  -> (artifact id: 'b606c84bf043919da49964a8ab4923d4') in 0.006928 seconds 
========================================================================
Received Import Request.
  Time since last request: 0.010188 seconds.
  path: Assets/Script/EnemySpawnManager.cs
  artifactKey: Guid(d3232126e6c8f6c4ebe5a343450254b3) Importer(815301076,1909f56bfc062723c751e8b465ee728b)
Start importing Assets/Script/EnemySpawnManager.cs using Guid(d3232126e6c8f6c4ebe5a343450254b3) Importer(815301076,1909f56bfc062723c751e8b465ee728b)  -> (artifact id: '905b38ac6a733153120a1e282cee35d3') in 0.006958 seconds 
========================================================================
Received Import Request.
  Time since last request: 0.009749 seconds.
  path: Assets/Script/MovementTransform.cs
  artifactKey: Guid(4b8862a6e490b1f4dad485f22e49b0bf) Importer(815301076,1909f56bfc062723c751e8b465ee728b)
Start importing Assets/Script/MovementTransform.cs using Guid(4b8862a6e490b1f4dad485f22e49b0bf) Importer(815301076,1909f56bfc062723c751e8b465ee728b)  -> (artifact id: 'efbb9564f3b2b9e929e781394130a305') in 0.007493 seconds 
========================================================================
Received Import Request.
  Time since last request: 0.029680 seconds.
  path: Assets/LowPolySoldiers_demo/models/Soldier_demo.FBX
  artifactKey: Guid(fcb334eb247ae3e488abb081c847cf09) Importer(815301076,1909f56bfc062723c751e8b465ee728b)
Start importing Assets/LowPolySoldiers_demo/models/Soldier_demo.FBX using Guid(fcb334eb247ae3e488abb081c847cf09) Importer(815301076,1909f56bfc062723c751e8b465ee728b)  -> (artifact id: 'c730d11305b8527b4d93033ac177d3fb') in 0.220271 seconds 
========================================================================
Received Import Request.
  Time since last request: 0.011427 seconds.
  path: Assets/LowPolySoldiers_demo/animation/demo_combat_shoot.FBX
  artifactKey: Guid(9f53ab04fc057a8448d43ff8001f3d2f) Importer(815301076,1909f56bfc062723c751e8b465ee728b)
Start importing Assets/LowPolySoldiers_demo/animation/demo_combat_shoot.FBX using Guid(9f53ab04fc057a8448d43ff8001f3d2f) Importer(815301076,1909f56bfc062723c751e8b465ee728b)  -> (artifact id: '92557542c3e3b9d7eff87bb83b13f367') in 0.016400 seconds 
========================================================================
Received Import Request.
  Time since last request: 0.005948 seconds.
  path: Assets/LowPolySoldiers_demo/animation
  artifactKey: Guid(1f84fcab436343c4e8deee1cfd902366) Importer(815301076,1909f56bfc062723c751e8b465ee728b)
Start importing Assets/LowPolySoldiers_demo/animation using Guid(1f84fcab436343c4e8deee1cfd902366) Importer(815301076,1909f56bfc062723c751e8b465ee728b)  -> (artifact id: '52c59d5b8de2de86959083de98ed8a64') in 0.007504 seconds 
========================================================================
Received Import Request.
  Time since last request: 0.011484 seconds.
  path: Assets/LowPolySoldiers_demo/models/Materials/demo_soldier_512.tga
  artifactKey: Guid(8293059b819fbd34983493640ff4b930) Importer(815301076,1909f56bfc062723c751e8b465ee728b)
Start importing Assets/LowPolySoldiers_demo/models/Materials/demo_soldier_512.tga using Guid(8293059b819fbd34983493640ff4b930) Importer(815301076,1909f56bfc062723c751e8b465ee728b)  -> (artifact id: '5079e136221eed410f74f58f9fe4ca4b') in 0.301601 seconds 
========================================================================
Received Import Request.
  Time since last request: 0.035288 seconds.
  path: Assets/LowPolySoldiers_demo/models/Materials/demo_weapon.tga
  artifactKey: Guid(cdc2f2cf3b64f884e88745604d95f11f) Importer(815301076,1909f56bfc062723c751e8b465ee728b)
Start importing Assets/LowPolySoldiers_demo/models/Materials/demo_weapon.tga using Guid(cdc2f2cf3b64f884e88745604d95f11f) Importer(815301076,1909f56bfc062723c751e8b465ee728b)  -> (artifact id: '194fef773ef2eb20d9f30e3d087b7d8d') in 0.014410 seconds 
========================================================================
Received Import Request.
  Time since last request: 0.012291 seconds.
  path: Assets/LowPolySoldiers_demo/animation/demo_combat_idle.FBX
  artifactKey: Guid(47c000e8e166f14429b339a7adc36151) Importer(815301076,1909f56bfc062723c751e8b465ee728b)
Start importing Assets/LowPolySoldiers_demo/animation/demo_combat_idle.FBX using Guid(47c000e8e166f14429b339a7adc36151) Importer(815301076,1909f56bfc062723c751e8b465ee728b)  -> (artifact id: '106f2ec4b45587148c673835e4be05e1') in 0.012188 seconds 
========================================================================
Received Import Request.
  Time since last request: 0.010778 seconds.
  path: Assets/Script/EnemySpawnPoint.cs
  artifactKey: Guid(ee39cd8a3150ec947a50cfe9cb9e63ca) Importer(815301076,1909f56bfc062723c751e8b465ee728b)
Start importing Assets/Script/EnemySpawnPoint.cs using Guid(ee39cd8a3150ec947a50cfe9cb9e63ca) Importer(815301076,1909f56bfc062723c751e8b465ee728b)  -> (artifact id: '48d2e2400f348f9573c34edeaca50004') in 0.007020 seconds 
========================================================================
Received Import Request.
  Time since last request: 0.040741 seconds.
  path: Assets/LowPolySoldiers_demo/animation/demo_combat_run.FBX
  artifactKey: Guid(fdd69d5c051635949809bed0ea5cd4af) Importer(815301076,1909f56bfc062723c751e8b465ee728b)
Start importing Assets/LowPolySoldiers_demo/animation/demo_combat_run.FBX using Guid(fdd69d5c051635949809bed0ea5cd4af) Importer(815301076,1909f56bfc062723c751e8b465ee728b)  -> (artifact id: 'dd8c00aa0c4bb4add87850a14ee3124b') in 0.011404 seconds 
========================================================================
Received Import Request.
  Time since last request: 0.010510 seconds.
  path: Assets/Animation/EnemyAnimation.controller
  artifactKey: Guid(68415874d2b54e1408f62ced7940c578) Importer(815301076,1909f56bfc062723c751e8b465ee728b)
Start importing Assets/Animation/EnemyAnimation.controller using Guid(68415874d2b54e1408f62ced7940c578) Importer(815301076,1909f56bfc062723c751e8b465ee728b)  -> (artifact id: '8f4e90fb2374778021caba98700a9e67') in 0.016549 seconds 
========================================================================
Received Import Request.
  Time since last request: 0.006690 seconds.
  path: Assets/LowPolySoldiers_demo/models
  artifactKey: Guid(0506bb23bf5d60c40a67cfeb41e7b064) Importer(815301076,1909f56bfc062723c751e8b465ee728b)
Start importing Assets/LowPolySoldiers_demo/models using Guid(0506bb23bf5d60c40a67cfeb41e7b064) Importer(815301076,1909f56bfc062723c751e8b465ee728b)  -> (artifact id: '7c6c8ec78ccdf204311238176888e0a5') in 0.008238 seconds 
========================================================================
Received Import Request.
  Time since last request: 96.469515 seconds.
  path: Assets/Script/Stateus.cs
  artifactKey: Guid(171802e8abf862c4fbff1763c10b2a03) Importer(815301076,1909f56bfc062723c751e8b465ee728b)
Start importing Assets/Script/Stateus.cs using Guid(171802e8abf862c4fbff1763c10b2a03) Importer(815301076,1909f56bfc062723c751e8b465ee728b)  -> (artifact id: '00d162e2f9e0b2b23174056691c389d3') in 0.015214 seconds 
AssetImportWorkerClient::OnTransportError - code=2 error=End of file
